<?xml version="1.0" encoding="UTF-8"?>
<!-- Generated by org.testng.reporters.JUnitReportReporter -->
<testsuite skipped="0" hostname="DESKTOP-H62DAKF" name="mavenn.Testdemo11" tests="1" failures="0" timestamp="2022-07-28T23:46:33 IST" time="16.189" errors="0">
  <testcase name="f" time="16.189" classname="mavenn.Testdemo11"/>
  <system-out/>
</testsuite> <!-- mavenn.Testdemo11 -->
