<?xml version="1.0" encoding="UTF-8"?>
<!-- Generated by org.testng.reporters.JUnitReportReporter -->
<testsuite skipped="0" hostname="DESKTOP-H62DAKF" name="mavenn.Testdemo11" tests="1" failures="0" timestamp="2022-07-22T12:13:54 IST" time="11.851" errors="0">
  <testcase name="f" time="11.851" classname="mavenn.Testdemo11"/>
  <system-out/>
</testsuite> <!-- mavenn.Testdemo11 -->
