<?xml version="1.0" encoding="UTF-8"?>
<!-- Generated by org.testng.reporters.JUnitReportReporter -->
<testsuite skipped="0" hostname="DESKTOP-H62DAKF" name="mavenn.Elearning" tests="1" failures="0" timestamp="2022-07-26T23:06:06 IST" time="19.453" errors="0">
  <testcase name="testcase1" time="19.453" classname="mavenn.Elearning"/>
  <system-out/>
</testsuite> <!-- mavenn.Elearning -->
